<?xml version="1.0" encoding="UTF-8"?>
<!-- Generated by org.testng.reporters.JUnitXMLReporter -->
<testsuite ignored="0" hostname="PrashantVICTUS" failures="0" tests="4" name="Default test" time="4.994" errors="0" timestamp="2022-05-18T15:35:11 IST">
  <testcase classname="RestAssured.testScripts.Parameterizing" name="addBook" time="3.123"/>
  <testcase classname="RestAssured.testScripts.Parameterizing" name="addBook" time="0.579"/>
  <testcase classname="RestAssured.testScripts.Parameterizing" name="addBook" time="0.613"/>
  <testcase classname="RestAssured.testScripts.Parameterizing" name="addBook" time="0.615"/>
</testsuite> <!-- Default test -->
