<?xml version="1.0" encoding="UTF-8"?>
<!-- Generated by org.testng.reporters.JUnitXMLReporter -->
<testsuite ignored="1" hostname="PrashantVICTUS" failures="0" tests="1" name="Default test" time="7.25" errors="0" timestamp="2022-04-27T16:21:11 IST">
  <testcase classname="com.hrms.testScripts.LoginTest" name="loginTest" time="4.207"/>
  <testcase classname="com.hrms.testScripts.LoginTest" name="verifyTitleTest" time="0.0">
    <ignored/>
  </testcase> <!-- verifyTitleTest -->
</testsuite> <!-- Default test -->
