<?xml version="1.0" encoding="UTF-8"?>
<testng-results ignored="0" total="4" passed="4" failed="0" skipped="0">
  <reporter-output>
  </reporter-output>
  <suite started-at="2022-05-18T15:35:06 IST" name="Default suite" finished-at="2022-05-18T15:35:11 IST" duration-ms="4994">
    <groups>
    </groups>
    <test started-at="2022-05-18T15:35:06 IST" name="Default test" finished-at="2022-05-18T15:35:11 IST" duration-ms="4994">
      <class name="RestAssured.testScripts.Parameterizing">
        <test-method signature="addBook(java.lang.String,java.lang.String)[pri:0, instance:RestAssured.testScripts.Parameterizing@957e06]" started-at="2022-05-18T15:35:06 IST" name="addBook" data-provider="BooksData" finished-at="2022-05-18T15:35:09 IST" duration-ms="3123" status="PASS">
          <params>
            <param index="0">
              <value>
                <![CDATA[pahadiAmigo]]>
              </value>
            </param>
            <param index="1">
              <value>
                <![CDATA[1111]]>
              </value>
            </param>
          </params>
          <reporter-output>
          </reporter-output>
        </test-method> <!-- addBook -->
        <test-method signature="addBook(java.lang.String,java.lang.String)[pri:0, instance:RestAssured.testScripts.Parameterizing@957e06]" started-at="2022-05-18T15:35:09 IST" name="addBook" data-provider="BooksData" finished-at="2022-05-18T15:35:10 IST" duration-ms="579" status="PASS">
          <params>
            <param index="0">
              <value>
                <![CDATA[pahadiAmigo]]>
              </value>
            </param>
            <param index="1">
              <value>
                <![CDATA[2222]]>
              </value>
            </param>
          </params>
          <reporter-output>
          </reporter-output>
        </test-method> <!-- addBook -->
        <test-method signature="addBook(java.lang.String,java.lang.String)[pri:0, instance:RestAssured.testScripts.Parameterizing@957e06]" started-at="2022-05-18T15:35:10 IST" name="addBook" data-provider="BooksData" finished-at="2022-05-18T15:35:10 IST" duration-ms="613" status="PASS">
          <params>
            <param index="0">
              <value>
                <![CDATA[pahadiAmigo]]>
              </value>
            </param>
            <param index="1">
              <value>
                <![CDATA[3333]]>
              </value>
            </param>
          </params>
          <reporter-output>
          </reporter-output>
        </test-method> <!-- addBook -->
        <test-method signature="addBook(java.lang.String,java.lang.String)[pri:0, instance:RestAssured.testScripts.Parameterizing@957e06]" started-at="2022-05-18T15:35:10 IST" name="addBook" data-provider="BooksData" finished-at="2022-05-18T15:35:11 IST" duration-ms="615" status="PASS">
          <params>
            <param index="0">
              <value>
                <![CDATA[pahadiAmigo]]>
              </value>
            </param>
            <param index="1">
              <value>
                <![CDATA[4444]]>
              </value>
            </param>
          </params>
          <reporter-output>
          </reporter-output>
        </test-method> <!-- addBook -->
      </class> <!-- RestAssured.testScripts.Parameterizing -->
    </test> <!-- Default test -->
  </suite> <!-- Default suite -->
</testng-results>
