<?xml version="1.0" encoding="UTF-8"?>
<testng-results ignored="1" total="2" passed="1" failed="0" skipped="0">
  <reporter-output>
    <line>
      <![CDATA[Login Successfull]]>
    </line>
  </reporter-output>
  <suite started-at="2022-04-27T16:21:03 IST" name="Default suite" finished-at="2022-04-27T16:21:11 IST" duration-ms="7250">
    <groups>
    </groups>
    <test started-at="2022-04-27T16:21:03 IST" name="Default test" finished-at="2022-04-27T16:21:11 IST" duration-ms="7250">
      <class name="com.hrms.testScripts.LoginTest">
        <test-method is-config="true" signature="setUp()[pri:0, instance:com.hrms.testScripts.LoginTest@957e06]" started-at="2022-04-27T16:21:03 IST" name="setUp" finished-at="2022-04-27T16:21:06 IST" duration-ms="2913" status="PASS">
          <reporter-output>
          </reporter-output>
        </test-method> <!-- setUp -->
        <test-method signature="loginTest()[pri:0, instance:com.hrms.testScripts.LoginTest@957e06]" started-at="2022-04-27T16:21:06 IST" name="loginTest" finished-at="2022-04-27T16:21:10 IST" duration-ms="4207" status="PASS">
          <reporter-output>
            <line>
              <![CDATA[Login Successfull]]>
            </line>
          </reporter-output>
        </test-method> <!-- loginTest -->
        <test-method is-config="true" signature="tearDown()[pri:0, instance:com.hrms.testScripts.LoginTest@957e06]" started-at="2022-04-27T16:21:10 IST" name="tearDown" finished-at="2022-04-27T16:21:11 IST" duration-ms="86" status="PASS">
          <reporter-output>
          </reporter-output>
        </test-method> <!-- tearDown -->
      </class> <!-- com.hrms.testScripts.LoginTest -->
    </test> <!-- Default test -->
  </suite> <!-- Default suite -->
</testng-results>
